TN:
SF:src/index.js
FN:15,connectedCallback
FN:24,runConditions
FN:37,reviewPageLinks
FN:56,runInteract
FNF:4
FNH:4
FNDA:1,connectedCallback
FNDA:1,runConditions
FNDA:1,reviewPageLinks
FNDA:1,runInteract
DA:1,1
DA:2,1
DA:3,1
DA:4,1
DA:5,1
DA:6,1
DA:7,1
DA:8,1
DA:9,1
DA:10,1
DA:11,1
DA:12,1
DA:13,1
DA:14,1
DA:15,1
DA:16,1
DA:17,1
DA:18,1
DA:19,1
DA:20,1
DA:21,1
DA:22,1
DA:23,1
DA:24,1
DA:25,1
DA:26,1
DA:27,0
DA:28,0
DA:29,1
DA:30,1
DA:31,0
DA:32,0
DA:33,0
DA:34,0
DA:35,1
DA:36,1
DA:37,1
DA:38,1
DA:39,1
DA:40,1
DA:41,1
DA:42,1
DA:43,1
DA:44,1
DA:45,0
DA:46,1
DA:47,1
DA:48,1
DA:49,1
DA:50,1
DA:51,1
DA:52,1
DA:53,1
DA:54,1
DA:55,1
DA:56,1
DA:57,1
DA:58,1
DA:59,1
DA:60,1
DA:61,1
DA:62,1
DA:63,1
DA:64,1
DA:65,1
DA:66,1
DA:67,1
DA:68,1
DA:69,1
DA:70,1
DA:71,1
DA:72,1
DA:73,1
DA:74,1
LF:74
LH:67
BRDA:1,0,0,1
BRDA:15,1,0,1
BRDA:16,2,0,0
BRDA:17,3,0,0
BRDA:18,4,0,0
BRDA:19,5,0,0
BRDA:24,6,0,1
BRDA:26,7,0,0
BRDA:30,8,0,0
BRDA:37,9,0,1
BRDA:38,10,0,1
BRDA:44,11,0,0
BRDA:56,12,0,1
BRF:13
BRH:6
end_of_record
